Compiling build :dev to "resources/public/js/compiled/dotmoney.js" from ["src"]...
[32mSuccessfully compiled build :dev to "resources/public/js/compiled/dotmoney.js" in 1.071 seconds.[0m
notifying browser that file changed:  resources/public/js/compiled/out/goog/deps.js
notifying browser that file changed:  resources/public/js/compiled/out/cljs_deps.js
notifying browser that file changed:  resources/public/js/compiled/out/dotmoney/core.js
Compiling build :dev to "resources/public/js/compiled/dotmoney.js" from ["src"]...
[32mSuccessfully compiled build :dev to "resources/public/js/compiled/dotmoney.js" in 0.866 seconds.[0m
notifying browser that file changed:  resources/public/js/compiled/out/dotmoney/core.js
Compiling build :dev to "resources/public/js/compiled/dotmoney.js" from ["src"]...
[32mSuccessfully compiled build :dev to "resources/public/js/compiled/dotmoney.js" in 0.916 seconds.[0m
notifying browser that file changed:  resources/public/js/compiled/out/dotmoney/core.js
Compiling build :dev to "resources/public/js/compiled/dotmoney.js" from ["src"]...
[32mSuccessfully compiled build :dev to "resources/public/js/compiled/dotmoney.js" in 0.833 seconds.[0m
notifying browser that file changed:  resources/public/js/compiled/out/dotmoney/core.js
Compiling build :dev to "resources/public/js/compiled/dotmoney.js" from ["src"]...
[31mFailed to compile build :dev from ["src"] in 0.409 seconds.[0m
[36m----  Exception    ----[0m

  [1mAssert failed: file:/Users/jesus/projects/dotmoney/src/dotmoney/header.cljs does not provide a namespace
(first provides)[0m

[36m----  Exception Stack Trace  ----[0m

java.lang.AssertionError: Assert failed: file:/Users/jesus/projects/dotmoney/src/dotmoney/header.cljs does not provide a namespace
(first provides)
 at cljs.closure$javascript_file.invokeStatic (closure.clj:475)
    cljs.closure$javascript_file.invoke (closure.clj:471)
    cljs.closure$map__GT_javascript_file.invokeStatic (closure.clj:480)
    cljs.closure$map__GT_javascript_file.invoke (closure.clj:478)
    cljs.closure$compiled_file.invokeStatic (closure.clj:547)
    cljs.closure$compiled_file.invoke (closure.clj:539)
    cljs.closure$compile_file.invokeStatic (closure.clj:573)
    cljs.closure$compile_file.invoke (closure.clj:564)
    cljs.closure$fn__5124.invokeStatic (closure.clj:653)
    cljs.closure/fn (closure.clj:647)
    cljs.closure$fn__5052$G__5045__5059.invoke (closure.clj:521)
    cljs.closure$compile_sources$iter__5250__5254$fn__5255.invoke (closure.clj:1011)
    clojure.lang.LazySeq.sval (LazySeq.java:40)
    clojure.lang.LazySeq.seq (LazySeq.java:49)
    clojure.lang.Cons.next (Cons.java:39)
    clojure.lang.RT.next (RT.java:706)
    clojure.core$next__5108.invokeStatic (core.clj:64)
    clojure.core$dorun.invokeStatic (core.clj:3134)
    clojure.core$doall.invokeStatic (core.clj:3140)
    clojure.core$doall.invoke (core.clj:3140)
    cljs.closure$compile_sources.invokeStatic (closure.clj:1007)
    cljs.closure$compile_sources.invoke (closure.clj:996)
    cljs.closure$build.invokeStatic (closure.clj:2817)
    cljs.closure$build.invoke (closure.clj:2718)
    cljs.build.api$build.invokeStatic (api.clj:208)
    cljs.build.api$build.invoke (api.clj:189)
    figwheel_sidecar.components.cljs_autobuild$cljs_build.invokeStatic (cljs_autobuild.clj:28)
    figwheel_sidecar.components.cljs_autobuild$cljs_build.invoke (cljs_autobuild.clj:27)
    figwheel_sidecar.build_middleware.injection$hook$fn__20549.invoke (injection.clj:94)
    figwheel_sidecar.components.cljs_autobuild$notify_command_hook$fn__20871.invoke (cljs_autobuild.clj:69)
    figwheel_sidecar.components.cljs_autobuild$figwheel_start_and_end_messages$fn__20861.invoke (cljs_autobuild.clj:48)
    figwheel_sidecar.build_middleware.notifications$hook$fn__20730.invoke (notifications.clj:179)
    figwheel_sidecar.build_middleware.clj_reloading$hook$fn__20787.invoke (clj_reloading.clj:111)
    figwheel_sidecar.build_middleware.javascript_reloading$hook$fn__20820.invoke (javascript_reloading.clj:48)
    figwheel_sidecar.components.cljs_autobuild$color_output$fn__20875.invoke (cljs_autobuild.clj:80)
    figwheel_sidecar.components.cljs_autobuild$execute_build$fn__20917.invoke (cljs_autobuild.clj:234)
    figwheel_sidecar.utils$sync_exec$fn__237$fn__238.invoke (utils.clj:13)
    figwheel_sidecar.utils$sync_exec$fn__237.invoke (utils.clj:12)
    clojure.core$binding_conveyor_fn$fn__5476.invoke (core.clj:2025)
    clojure.lang.AFn.applyToHelper (AFn.java:154)
    clojure.lang.RestFn.applyTo (RestFn.java:132)
    clojure.lang.Agent$Action.doRun (Agent.java:114)
    clojure.lang.Agent$Action.run (Agent.java:163)
    java.util.concurrent.ThreadPoolExecutor.runWorker (ThreadPoolExecutor.java:1135)
    java.util.concurrent.ThreadPoolExecutor$Worker.run (ThreadPoolExecutor.java:635)
    java.lang.Thread.run (Thread.java:844)

Compiling build :dev to "resources/public/js/compiled/dotmoney.js" from ["src"]...
[32mSuccessfully compiled build :dev to "resources/public/js/compiled/dotmoney.js" in 1.477 seconds.[0m
notifying browser that file changed:  resources/public/js/compiled/out/cljs_deps.js
notifying browser that file changed:  resources/public/js/compiled/out/dotmoney/header.js
Compiling build :dev to "resources/public/js/compiled/dotmoney.js" from ["src"]...
[32mSuccessfully compiled build :dev to "resources/public/js/compiled/dotmoney.js" in 0.961 seconds.[0m
notifying browser that file changed:  resources/public/js/compiled/out/cljs_deps.js
notifying browser that file changed:  resources/public/js/compiled/out/dotmoney/core.js
Notifying browser that CSS file changed: resources/public/css/style.css
Notifying browser that CSS file changed: resources/public/css/style.css
Compiling build :dev to "resources/public/js/compiled/dotmoney.js" from ["src"]...
[32mSuccessfully compiled build :dev to "resources/public/js/compiled/dotmoney.js" in 1.159 seconds.[0m
notifying browser that file changed:  resources/public/js/compiled/out/dotmoney/header.js
Notifying browser that CSS file changed: resources/public/css/style.css
Notifying browser that CSS file changed: resources/public/css/style.css
Compiling build :dev to "resources/public/js/compiled/dotmoney.js" from ["src"]...
[32mSuccessfully compiled build :dev to "resources/public/js/compiled/dotmoney.js" in 1.06 seconds.[0m
notifying browser that file changed:  resources/public/js/compiled/out/dotmoney/core.js
Compiling build :dev to "resources/public/js/compiled/dotmoney.js" from ["src"]...
[32mSuccessfully compiled build :dev to "resources/public/js/compiled/dotmoney.js" in 0.959 seconds.[0m
notifying browser that file changed:  resources/public/js/compiled/out/dotmoney/header.js
Compiling build :dev to "resources/public/js/compiled/dotmoney.js" from ["src"]...
[32mSuccessfully compiled build :dev to "resources/public/js/compiled/dotmoney.js" in 0.97 seconds.[0m
notifying browser that file changed:  resources/public/js/compiled/out/dotmoney/header.js
Compiling build :dev to "resources/public/js/compiled/dotmoney.js" from ["src"]...
[31mFailed to compile build :dev from ["src"] in 0.726 seconds.[0m
[36m----  Could not Analyze  src/dotmoney/core.cljs  ----[0m

  [1mNo such namespace: dotmoney.components, could not locate dotmoney/components.cljs, dotmoney/components.cljc, or JavaScript source providing "dotmoney.components" [0m

[36m----  Analysis Error : Please see src/dotmoney/core.cljs  ----[0m
Compiling build :dev to "resources/public/js/compiled/dotmoney.js" from ["src"]...
[32mSuccessfully compiled build :dev to "resources/public/js/compiled/dotmoney.js" in 1.316 seconds.[0m
notifying browser that file changed:  resources/public/js/compiled/out/cljs_deps.js
notifying browser that file changed:  resources/public/js/compiled/out/dotmoney/components.js
Compiling build :dev to "resources/public/js/compiled/dotmoney.js" from ["src"]...
[32mSuccessfully compiled build :dev to "resources/public/js/compiled/dotmoney.js" in 1.235 seconds.[0m
notifying browser that file changed:  resources/public/js/compiled/out/dotmoney/components.js
Compiling build :dev to "resources/public/js/compiled/dotmoney.js" from ["src"]...
[31mFailed to compile build :dev from ["src"] in 0.518 seconds.[0m
[36m----  Could not Read  src/dotmoney/header.cljs   line:5 ----[0m

  [1m/Users/jesus/projects/dotmoney/src/dotmoney/header.cljs [line 5, col 11] Invalid keyword: :.[0m

  [36m4[0m  [36m(defn header [message][0m
  [33m5[0m  [1m  [:div {:}[0m
  [0m [0m  [33m  /Users/jesus/projects/dotmoney/src/dotmoney/header.cljs [line 5, col 11] Invalid keyword: :.[0m
  [36m6[0m  [36m   [:h1 {:class "title"} message]])[0m
  [36m7[0m  [36m[0m
  [36m8[0m  [36m(defn items-list [EVENTCHANNEL items active-item][0m

[36m----  Reader Error : Please see src/dotmoney/header.cljs  ----[0m
Compiling build :dev to "resources/public/js/compiled/dotmoney.js" from ["src"]...
[32mSuccessfully compiled build :dev to "resources/public/js/compiled/dotmoney.js" in 0.917 seconds.[0m
notifying browser that file changed:  resources/public/js/compiled/out/dotmoney/components.js
Compiling build :dev to "resources/public/js/compiled/dotmoney.js" from ["src"]...
[32mSuccessfully compiled build :dev to "resources/public/js/compiled/dotmoney.js" in 1.007 seconds.[0m
notifying browser that file changed:  resources/public/js/compiled/out/dotmoney/components.js
Compiling build :dev to "resources/public/js/compiled/dotmoney.js" from ["src"]...
[32mSuccessfully compiled build :dev to "resources/public/js/compiled/dotmoney.js" in 1.464 seconds.[0m
notifying browser that file changed:  resources/public/js/compiled/out/dotmoney/components.js
Notifying browser that CSS file changed: resources/public/css/style.css
Notifying browser that CSS file changed: resources/public/css/style.css
Notifying browser that CSS file changed: resources/public/css/style.css
Notifying browser that CSS file changed: resources/public/css/style.css
Notifying browser that CSS file changed: resources/public/css/style.css
Notifying browser that CSS file changed: resources/public/css/style.css
Notifying browser that CSS file changed: resources/public/css/style.css
Notifying browser that CSS file changed: resources/public/css/style.css
Notifying browser that CSS file changed: resources/public/css/style.css
Notifying browser that CSS file changed: resources/public/css/reset.css
Notifying browser that CSS file changed: resources/public/css/reset.css
Notifying browser that CSS file changed: resources/public/css/style.css
Compiling build :dev to "resources/public/js/compiled/dotmoney.js" from ["src"]...
[32mSuccessfully compiled build :dev to "resources/public/js/compiled/dotmoney.js" in 1.231 seconds.[0m
notifying browser that file changed:  resources/public/js/compiled/out/dotmoney/components.js
Notifying browser that CSS file changed: resources/public/css/style.css
Notifying browser that CSS file changed: resources/public/css/style.css
Notifying browser that CSS file changed: resources/public/css/style.css
Notifying browser that CSS file changed: resources/public/css/style.css
